# JRE version: Java(TM) SE Runtime Environment (8.0_73-b02) (build 1.8.0_73-b02)
# Java VM: Java HotSpot(TM) 64-Bit Server VM (25.73-b02 mixed mode windows-amd64 compressed oops)
Heap:
 PSYoungGen      total 38912K, used 13623K [0x00000000eb400000, 0x00000000ef380000, 0x0000000100000000)
  eden space 32768K, 29% used [0x00000000eb400000,0x00000000ebd6fce0,0x00000000ed400000)
  from space 6144K, 64% used [0x00000000ed400000,0x00000000ed7de0f8,0x00000000eda00000)
  to   space 6144K, 0% used [0x00000000eed80000,0x00000000eed80000,0x00000000ef380000)
 ParOldGen       total 44032K, used 12530K [0x00000000c1c00000, 0x00000000c4700000, 0x00000000eb400000)
  object space 44032K, 28% used [0x00000000c1c00000,0x00000000c283cbe8,0x00000000c4700000)
 Metaspace       used 16920K, capacity 17346K, committed 17536K, reserved 1064960K
  class space    used 2000K, capacity 2122K, committed 2176K, reserved 1048576K
GC Heap History (10 events):
Event: 11.287 GC heap before
{Heap before GC invocations=5 (full 0):
 PSYoungGen      total 18944K, used 18928K [0x00000000eb400000, 0x00000000ec900000, 0x0000000100000000)
  eden space 16384K, 100% used [0x00000000eb400000,0x00000000ec400000,0x00000000ec400000)
  from space 2560K, 99% used [0x00000000ec680000,0x00000000ec8fc010,0x00000000ec900000)
  to   space 2560K, 0% used [0x00000000ec400000,0x00000000ec400000,0x00000000ec680000)
 ParOldGen       total 44032K, used 6423K [0x00000000c1c00000, 0x00000000c4700000, 0x00000000eb400000)
  object space 44032K, 14% used [0x00000000c1c00000,0x00000000c2245e20,0x00000000c4700000)
 Metaspace       used 14594K, capacity 14774K, committed 14976K, reserved 1062912K
  class space    used 1805K, capacity 1909K, committed 1920K, reserved 1048576K
Event: 11.295 GC heap after
Heap after GC invocations=5 (full 0):
 PSYoungGen      total 18944K, used 2528K [0x00000000eb400000, 0x00000000ed100000, 0x0000000100000000)
  eden space 16384K, 0% used [0x00000000eb400000,0x00000000eb400000,0x00000000ec400000)
  from space 2560K, 98% used [0x00000000ec400000,0x00000000ec678020,0x00000000ec680000)
  to   space 6656K, 0% used [0x00000000eca80000,0x00000000eca80000,0x00000000ed100000)
 ParOldGen       total 44032K, used 9248K [0x00000000c1c00000, 0x00000000c4700000, 0x00000000eb400000)
  object space 44032K, 21% used [0x00000000c1c00000,0x00000000c2508358,0x00000000c4700000)
 Metaspace       used 14594K, capacity 14774K, committed 14976K, reserved 1062912K
  class space    used 1805K, capacity 1909K, committed 1920K, reserved 1048576K
}
Event: 12.388 GC heap before
{Heap before GC invocations=6 (full 0):
 PSYoungGen      total 18944K, used 18912K [0x00000000eb400000, 0x00000000ed100000, 0x0000000100000000)
  eden space 16384K, 100% used [0x00000000eb400000,0x00000000ec400000,0x00000000ec400000)
  from space 2560K, 98% used [0x00000000ec400000,0x00000000ec678020,0x00000000ec680000)
  to   space 6656K, 0% used [0x00000000eca80000,0x00000000eca80000,0x00000000ed100000)
 ParOldGen       total 44032K, used 9248K [0x00000000c1c00000, 0x00000000c4700000, 0x00000000eb400000)
  object space 44032K, 21% used [0x00000000c1c00000,0x00000000c2508358,0x00000000c4700000)
 Metaspace       used 15064K, capacity 15288K, committed 15616K, reserved 1062912K
  class space    used 1846K, capacity 1949K, committed 2048K, reserved 1048576K
Event: 12.451 GC heap after
Heap after GC invocations=6 (full 0):
 PSYoungGen      total 23040K, used 3738K [0x00000000eb400000, 0x00000000ee100000, 0x0000000100000000)
  eden space 16384K, 0% used [0x00000000eb400000,0x00000000eb400000,0x00000000ec400000)
  from space 6656K, 56% used [0x00000000eca80000,0x00000000ece26a28,0x00000000ed100000)
  to   space 6656K, 0% used [0x00000000ec400000,0x00000000ec400000,0x00000000eca80000)
 ParOldGen       total 44032K, used 9256K [0x00000000c1c00000, 0x00000000c4700000, 0x00000000eb400000)
  object space 44032K, 21% used [0x00000000c1c00000,0x00000000c250a358,0x00000000c4700000)
 Metaspace       used 15064K, capacity 15288K, committed 15616K, reserved 1062912K
  class space    used 1846K, capacity 1949K, committed 2048K, reserved 1048576K
}
Event: 13.268 GC heap before
{Heap before GC invocations=7 (full 0):
 PSYoungGen      total 23040K, used 20122K [0x00000000eb400000, 0x00000000ee100000, 0x0000000100000000)
  eden space 16384K, 100% used [0x00000000eb400000,0x00000000ec400000,0x00000000ec400000)
  from space 6656K, 56% used [0x00000000eca80000,0x00000000ece26a28,0x00000000ed100000)
  to   space 6656K, 0% used [0x00000000ec400000,0x00000000ec400000,0x00000000eca80000)
 ParOldGen       total 44032K, used 9256K [0x00000000c1c00000, 0x00000000c4700000, 0x00000000eb400000)
  object space 44032K, 21% used [0x00000000c1c00000,0x00000000c250a358,0x00000000c4700000)
 Metaspace       used 15578K, capacity 15866K, committed 16128K, reserved 1062912K
  class space    used 1910K, capacity 2015K, committed 2048K, reserved 1048576K
Event: 13.278 GC heap after
Heap after GC invocations=7 (full 0):
 PSYoungGen      total 23040K, used 3984K [0x00000000eb400000, 0x00000000ee000000, 0x0000000100000000)
  eden space 16384K, 0% used [0x00000000eb400000,0x00000000eb400000,0x00000000ec400000)
  from space 6656K, 59% used [0x00000000ec400000,0x00000000ec7e4010,0x00000000eca80000)
  to   space 6144K, 0% used [0x00000000eda00000,0x00000000eda00000,0x00000000ee000000)
 ParOldGen       total 44032K, used 9984K [0x00000000c1c00000, 0x00000000c4700000, 0x00000000eb400000)
  object space 44032K, 22% used [0x00000000c1c00000,0x00000000c25c0398,0x00000000c4700000)
 Metaspace       used 15578K, capacity 15866K, committed 16128K, reserved 1062912K
  class space    used 1910K, capacity 2015K, committed 2048K, reserved 1048576K
}
Event: 13.975 GC heap before
{Heap before GC invocations=8 (full 0):
 PSYoungGen      total 23040K, used 20368K [0x00000000eb400000, 0x00000000ee000000, 0x0000000100000000)
  eden space 16384K, 100% used [0x00000000eb400000,0x00000000ec400000,0x00000000ec400000)
  from space 6656K, 59% used [0x00000000ec400000,0x00000000ec7e4010,0x00000000eca80000)
  to   space 6144K, 0% used [0x00000000eda00000,0x00000000eda00000,0x00000000ee000000)
 ParOldGen       total 44032K, used 9984K [0x00000000c1c00000, 0x00000000c4700000, 0x00000000eb400000)
  object space 44032K, 22% used [0x00000000c1c00000,0x00000000c25c0398,0x00000000c4700000)
 Metaspace       used 15764K, capacity 16058K, committed 16128K, reserved 1062912K
  class space    used 1910K, capacity 2015K, committed 2048K, reserved 1048576K
Event: 13.983 GC heap after
Heap after GC invocations=8 (full 0):
 PSYoungGen      total 38912K, used 3632K [0x00000000eb400000, 0x00000000ee000000, 0x0000000100000000)
  eden space 32768K, 0% used [0x00000000eb400000,0x00000000eb400000,0x00000000ed400000)
  from space 6144K, 59% used [0x00000000eda00000,0x00000000edd8c010,0x00000000ee000000)
  to   space 6144K, 0% used [0x00000000ed400000,0x00000000ed400000,0x00000000eda00000)
 ParOldGen       total 44032K, used 10818K [0x00000000c1c00000, 0x00000000c4700000, 0x00000000eb400000)
  object space 44032K, 24% used [0x00000000c1c00000,0x00000000c2690be8,0x00000000c4700000)
 Metaspace       used 15764K, capacity 16058K, committed 16128K, reserved 1062912K
  class space    used 1910K, capacity 2015K, committed 2048K, reserved 1048576K
}
Event: 15.397 GC heap before
{Heap before GC invocations=9 (full 0):
 PSYoungGen      total 38912K, used 36400K [0x00000000eb400000, 0x00000000ee000000, 0x0000000100000000)
  eden space 32768K, 100% used [0x00000000eb400000,0x00000000ed400000,0x00000000ed400000)
  from space 6144K, 59% used [0x00000000eda00000,0x00000000edd8c010,0x00000000ee000000)
  to   space 6144K, 0% used [0x00000000ed400000,0x00000000ed400000,0x00000000eda00000)
 ParOldGen       total 44032K, used 10818K [0x00000000c1c00000, 0x00000000c4700000, 0x00000000eb400000)
  object space 44032K, 24% used [0x00000000c1c00000,0x00000000c2690be8,0x00000000c4700000)
 Metaspace       used 16867K, capacity 17250K, committed 17536K, reserved 1064960K
  class space    used 1997K, capacity 2090K, committed 2176K, reserved 1048576K
Event: 15.407 GC heap after
Heap after GC invocations=9 (full 0):
 PSYoungGen      total 38912K, used 3960K [0x00000000eb400000, 0x00000000ef380000, 0x0000000100000000)
  eden space 32768K, 0% used [0x00000000eb400000,0x00000000eb400000,0x00000000ed400000)
  from space 6144K, 64% used [0x00000000ed400000,0x00000000ed7de0f8,0x00000000eda00000)
  to   space 6144K, 0% used [0x00000000eed80000,0x00000000eed80000,0x00000000ef380000)
 ParOldGen       total 44032K, used 12530K [0x00000000c1c00000, 0x00000000c4700000, 0x00000000eb400000)
  object space 44032K, 28% used [0x00000000c1c00000,0x00000000c283cbe8,0x00000000c4700000)
 Metaspace       used 16867K, capacity 17250K, committed 17536K, reserved 1064960K
  class space    used 1997K, capacity 2090K, committed 2176K, reserved 1048576K
}

